oNCi-06rLu4L7CkHmxtU3PRWl6O4,白纸坊社区卫生服务中心
oNCi-05I6JGGI1oWkeM_T3i_bNSU,白纸坊社区卫生服务中心
oNCi-0yPzbE85kiRP3EFc-FXtAa4,白纸坊社区卫生服务中心
o5ODa02s6dakpMOF-iczlJjddYR8,金融街社区卫生服务中心
o5ODa0_A-SOhbEeB7yditGzgb_DU,金融街社区卫生服务中心
o5ODa00kaFvOYFauO06MHkqSBdP0,广内社区卫生服务中心
o5ODa02Y3vKXu8ffh54LJfKfPRmc,广内社区卫生服务中心
oNCi-008MsPDGKZwo_LXSDJ5Ko14,白纸坊社区卫生服务中心
oNCi-01wqrqNbt9BfqrpAIVsytCY,白纸坊社区卫生服务中心
o5ODa01OVAD-re5u_U21fr9PWYbs,金融街社区卫生服务中心
oNCi-09EIoBaMXRhckJYBDJorgx0,白纸坊社区卫生服务中心
oNCi-0257krn-xvLwTnL754Pg_Yw,白纸坊社区卫生服务中心
o5ODa05PlTEqCrKhmjBkPiPVTZes,椿树社区卫生服务中心
o5ODa021z9OzU2gQBIx63o2_bDg4,月坛街道木樨地社区卫生服务站
o5ODa042h7hAdcVEbhsujB-XkqB4,新街口社区卫生服务中心
o5ODa04cuBQsyz0yX1YYbmy7sXTc,月坛街道木樨地社区卫生服务站
o5ODa04Bye7TpNYteTyeAoBjq08I,新街口社区卫生服务中心
oNCi-0yo8Q6yG7mRNeiReevs0PcQ,白纸坊社区卫生服务中心
o5ODa01T034rBEhsC86gx2r6INNE,大栅栏社区卫生服务中心
o5ODa0-XAx10prZGF38rpqR10WHc,月坛街道木樨地社区卫生服务站
oNCi-09p1Dv3bSNT4ze1sLI0VoSs,白纸坊社区卫生服务中心
oNCi-0-RDq03AozYKASXEVh-Rpzk,白纸坊社区卫生服务中心
oNCi-02NQ2ho8iu5lDxSjaOUGz1Y,白纸坊社区卫生服务中心
o5ODa04ZS5YJk4T70Aic-ua3m678,展览路社区卫生服务中心
o5ODa0zO58M86iK7LslcLub-LNZg,广内社区卫生服务中心
o5ODa0zulhJnAi83xLWC1Tv3Ce5E,广内社区卫生服务中心
o5ODa0wL9X_jt4YUN9BhbEI1ouWw,月坛社区卫生服务中心
o5ODa028w6Y_jomzuHrJjTq_jnN8,广内社区卫生服务中心
o5ODa02lIJ8S98wNDap_1mHXl8zA,金融街社区卫生服务中心
oNCi-05ygYANwY_qwzOwy6spoAco,白纸坊社区卫生服务中心
o5ODa0ysK_PLZ6muSvYos6ze20kc,月坛街道三里河二区社区卫生服务站
o5ODa07yLnR2BI_aJlKlF76TBkZs,广内社区卫生服务中心
o5ODa03GeilU9otLwXMqtzIi3wXs,金融街社区卫生服务中心
o5ODa07x7hxw5YrDGrf7aBN5ds-s,金融街社区卫生服务中心
o5ODa0yj1wZMx34-zYU-BZpSz93A,广内社区卫生服务中心
o5ODa0zd6F_MZmamI-cIiv0DVogs,西长安街社区卫生服务中心
oNCi-01OwZUmY9RLlHb1zUy9_XwM,白纸坊社区卫生服务中心
oNCi-0-XZNianRU4WMaWWESI8XII,白纸坊社区卫生服务中心
oNCi-04sUYhwlmt6lQX2neGVKFIk,白纸坊社区卫生服务中心
oNCi-0yjUKfcpTvMxUUEjbFU2l4g,白纸坊社区卫生服务中心
oNCi-00GXS3omCTF79wE22WiVQ70,白纸坊社区卫生服务中心
oNCi-09HgIEzL_GbDD005bGIgHUk,白纸坊社区卫生服务中心
oNCi-0zjXfAcJz49Qj0CioZGgxI8,白纸坊社区卫生服务中心
o5ODa08Zz-1GBfNPzjVoXVCTunsM,金融街社区卫生服务中心
oNCi-05CkkzfIDbfqkoGaPmHCfLQ,白纸坊社区卫生服务中心
oNCi-0zvtM33MzXrXxQJnKB1pvlY,白纸坊社区卫生服务中心
oNCi-0zt5PNZ6GeFnKuOG9zLkXQU,白纸坊社区卫生服务中心
oNCi-028WR5GA-r5nVdP4DnhQv6U,白纸坊社区卫生服务中心
oNCi-0zoXpyzlEiiucDHcaZbfUic,白纸坊社区卫生服务中心
oNCi-01vNFGF02RTnYZmb7W3tjRg,白纸坊社区卫生服务中心
oNCi-09Gs7hW89Eu30QbeX3BsR0o,白纸坊社区卫生服务中心
oNCi-04L1JATQNrsREBHKNnc_KVY,白纸坊社区卫生服务中心
oNCi-0yhKXU4MKsLDI5UcR-oaBK4,白纸坊社区卫生服务中心
o5ODa09Qn_x2BaCEnvrLTbUtXlHE,陶然亭社区卫生服务中心
o5ODa0ztvdiEM9ZMrYp4MimFuY6o,陶然亭社区卫生服务中心
oNCi-0473nA29yGvnKAVcDw97cHs,白纸坊社区卫生服务中心
o5ODa07HH4kyiAicX7AiPOtslkFY,陶然亭社区卫生服务中心
oNCi-03ySXTWu2zPGAJHXDfb-pa0,白纸坊社区卫生服务中心
oNCi-02xrxbwz4sl1ykkbAfg5ah4,白纸坊社区卫生服务中心
o5ODa09U9N5-_ixLaTN_IEEMR7sk,月坛街道木樨地社区卫生服务站
oNCi-0xCg77i9UAKKQrRHVDDBlcc,白纸坊社区卫生服务中心
oNCi-0xkLrgRikV8vikFOycw5B1Q,白纸坊社区卫生服务中心
o5ODa045-4dkEBiBO4Oo7UdM8Mck,广内社区卫生服务中心
o5ODa0yvE4f5URgnC0VnHXjX8mLg,椿树社区卫生服务中心
o5ODa02hdNZhz7UWDtBviLTTCGNY,陶然亭社区卫生服务中心
oNCi-0y8ci62-RcXr6YUrFnDFT78,白纸坊社区卫生服务中心
oNCi-001CyEoHsAX9LJ2uh5PVkJk,白纸坊社区卫生服务中心
oNCi-0zdu5bm5inzB4qsGpqijU4w,白纸坊社区卫生服务中心
o5ODa03sDWw4ZzGILbRzMuNqqv1s,陶然亭社区卫生服务中心
o5ODa0_CQONBm4YybBsUGwIcx3dI,陶然亭社区卫生服务中心
o5ODa0y5iiv7HLQFvtWaWsPvsQkg,展览路社区卫生服务中心
o5ODa0x4bEJBomAyI0kMJVjmrbFg,椿树社区卫生服务中心
o5ODa04UFQZ-kxOw3l_r2HP8eQHs,月坛街道三里河二区社区卫生服务站
oNCi-08B8I2NFP4PFBNomrcNONQI,白纸坊社区卫生服务中心
oNCi-0-e2hU-atddHyZg9Zrl9DPk,白纸坊社区卫生服务中心
o5ODa06pxOHuvcxyvtwwE511je7g,展览路社区卫生服务中心
o5ODa021x701VVaIJdnML-2sdcFA,月坛街道木樨地社区卫生服务站
o5ODa012umeEATbAIVV3lG9sj1Vc,大栅栏社区卫生服务中心
o5ODa08ppVp49G-lWoLCKCapAn7Q,广内社区卫生服务中心
oNCi-0w6cXIyw8JxCEgzJ28S4VXs,白纸坊社区卫生服务中心
o5ODa0zSPi5aMfM0R_UU40kpXNGM,天桥社区卫生服务中心
o5ODa0wHzuwNdj5Z0ky3G39l_t2c,月坛街道木樨地社区卫生服务站
o5ODa01JIlfdu3SiHqyOS3qfkVqo,陶然亭社区卫生服务中心
o5ODa08VO1GEZSrrTva3uYYgor18,广外社区卫生服务中心
o5ODa0wZSvvoRoezZ4dTiHmdggYM,天桥社区卫生服务中心
o5ODa04UQanHmeL4GKDx9WbMH8Ts,月坛街道三里河二区社区卫生服务站
o5ODa050OPTfpHVy2S5MeDGj2HQk,金融街社区卫生服务中心
o5ODa0y0UeW_aTnK56oFpg8Q3MVg,天桥社区卫生服务中心
oNCi-05KJViCYtysiZbV3GlviqP8,白纸坊社区卫生服务中心
o5ODa0-Mwl4Ir99hH3PD7BGlWOlM,广外社区卫生服务中心
o5ODa02eg0j9c6YqHw1D19Jne70E,金融街社区卫生服务中心
o5ODa08kziVdw6X1hiDFCMQ2Jm-o,陶然亭社区卫生服务中心
o5ODa0xCtfELN6Bx4pVwOS7d1FwQ,金融街社区卫生服务中心
o5ODa03gHYI-Ua0kDc59ELEs5muY,广外社区卫生服务中心
o5ODa0yrdBGn8um31M2PGYzmX55E,广外社区卫生服务中心
o5ODa02x6TQjcdAAf8LHpEZO0gTo,广内社区卫生服务中心
oNCi-06tgm_8aYwCA6CtXPnJa46Q,白纸坊社区卫生服务中心
o5ODa07Wg6QKvA-nZziZtxs0qLMo,广外社区卫生服务中心
o5ODa0ytaHUj2YpAJxXI613bVXE4,牛街社区卫生服务中心
oNCi-086GWYAwrNT8Z2TcIpsm8OQ,白纸坊社区卫生服务中心
oNCi-00QMs-R9-a_UcsO020jLqfY,白纸坊社区卫生服务中心
o5ODa0_3WSt8kYAh4NfnUA7vl5g8,金融街社区卫生服务中心
oNCi-06vxK5eaaJMfPWuLyGEc2JE,白纸坊社区卫生服务中心
oNCi-0-sibWTguhweye9dOD2F0yE,白纸坊社区卫生服务中心
oNCi-01eofP1nywkvs_4lyQEMByE,白纸坊社区卫生服务中心
o5ODa09Uh-1Fg1yvrK-6xIhUQ4Ps,金融街社区卫生服务中心
oNCi-021XT8J0ysvO2O8HXEuxGyU,白纸坊社区卫生服务中心
oNCi-0658IEEcSXx-i2cN2cY3dgA,白纸坊社区卫生服务中心
o5ODa0_JvHv2B6F0U-i--a_Fw1TM,陶然亭社区卫生服务中心
o5ODa00v8O2Rg6xrLHgUUCn32b8c,广外社区卫生服务中心
o5ODa0-TdtyWrmW_3UZPUJ_OQzKY,牛街社区卫生服务中心
oNCi-0wHdWkYQrYdF7Rut8eMA30Q,白纸坊社区卫生服务中心
o5ODa0ygQEBVWnnI0ky6_iOY48fk,月坛街道木樨地社区卫生服务站
o5ODa03Mo3uDE2NHj1UXsesVdQsk,西长安街社区卫生服务中心
oNCi-04aB-l_i5Tymp8H2IyANqTc,白纸坊社区卫生服务中心
o5ODa0xijpXM4lBUd5RU4pVIu2vQ,广内社区卫生服务中心
oNCi-07a0E1xMVF0n2y_p5tXndfg,白纸坊社区卫生服务中心
oNCi-0xuhv1dRoVOLyGYeFe7HLDg,白纸坊社区卫生服务中心
oNCi-05TmRmSvZXWsAZIa8uykDR8,白纸坊社区卫生服务中心
o5ODa07IJM2DZIoOsJHphUow-Hy8,广内社区卫生服务中心
o5ODa02JLH3jmwVBFp-F28krZC_4,陶然亭社区卫生服务中心
oNCi-0wQoMfONE4W5HLPMJmhlRok,白纸坊社区卫生服务中心
oNCi-02ZB2OlnxpZtr_X_UZBPhJc,白纸坊社区卫生服务中心
o5ODa03RudDluMM1ciwfgCHy-J64,牛街社区卫生服务中心
o5ODa0-w7DAamAzdyByrA87IArls,牛街社区卫生服务中心
o5ODa0zM3gEd7Xd4T8F_GV10lseE,牛街社区卫生服务中心
o5ODa050zf89w2ZY9DSkXbwPFegk,牛街社区卫生服务中心
o5ODa00-sezDLyP4Iw-os5MxaIVk,广内社区卫生服务中心
oNCi-07jgH0qJatPN11E-lX64T5I,白纸坊社区卫生服务中心
oNCi-06g_q3eYgIJ_e0eD2bkutfU,什刹海社区卫生服务中心
oNCi-08N1fxP3HblxCEB-AGV8QxE,白纸坊社区卫生服务中心
oNCi-01XB7IlGs6dQ0soIPemKF7M,白纸坊社区卫生服务中心
oNCi-09l8-HdBmlegyQXLzhm8J2A,白纸坊社区卫生服务中心
oNCi-07rVbsjg7XV7B84qKafMNvw,白纸坊社区卫生服务中心
o5ODa03bn3tiub6eWvanQ2xeMEpg,陶然亭社区卫生服务中心
o5ODa04baNkrMkpT8nkeARFZe0yY,月坛社区卫生服务中心
o5ODa0xoyFlIbW187AHEJQwjCH8c,西长安街社区卫生服务中心
oNCi-09HOLm87T5unceeIQCmYvlU,白纸坊社区卫生服务中心
oNCi-00TsfaXFcZmt3GMjrnhCjes,白纸坊社区卫生服务中心
o5ODa00zscwU4c1c23xcAHVtYaks,广内社区卫生服务中心
o5ODa02AoVM0sUUdz0LuaO58pC3g,牛街社区卫生服务中心
oNCi-0xsv2vLeMJztvupKguJIqT4,白纸坊社区卫生服务中心
oNCi-06JJAkXuqePtRwkzzjKo4SQ,白纸坊社区卫生服务中心
oNCi-090dXh5F4QAiU7bAHq_eyag,白纸坊社区卫生服务中心
o5ODa07RsaO6NZOOS0RYl1nfcHOA,牛街社区卫生服务中心
o5ODa02FeZgtJRd-IdgSaA6yyBDA,金融街社区卫生服务中心
o5ODa0wp0QH2lr_0uigVJ-01Lftk,陶然亭社区卫生服务中心
oNCi-05vH1uM2VX7IcBy8Di_NAgg,白纸坊社区卫生服务中心
oNCi-07fM6eSCkkIJl72_BD6-S9Q,白纸坊社区卫生服务中心
o5ODa0yAY2qVLa4GCjP_NiW41ggc,广外社区卫生服务中心
oNCi-0zuk4O2hQYekmukmrvUDOnU,白纸坊社区卫生服务中心
o5ODa08e9X2vfxnNSmifdw_t3WHg,椿树社区卫生服务中心
o5ODa0-WIp-Wqtst-0NE06EqOb7k,广内社区卫生服务中心
o5ODa0zsh5F6kagGgs_nz25n9M-c,广内社区卫生服务中心
o5ODa0wRdhD1pqQR-XuQi341UK64,椿树社区卫生服务中心
oNCi-0wuAAic0D_bkz5LSqWK_YfI,白纸坊社区卫生服务中心
oNCi-0y8sRFdhutxNS16iGP-elys,白纸坊社区卫生服务中心
o5ODa04HuHa-9Gy-rd_eZ2a0-iSU,陶然亭社区卫生服务中心
o5ODa004OwGZ78AeEkIowlemX9to,新街口社区卫生服务中心
o5ODa0w385QzRAIZjHB_nyf9T6CY,西长安街社区卫生服务中心
o5ODa01eKi0J_0c811kjLWv6WHgk,牛街社区卫生服务中心
o5ODa08-CkDXke5-vIOc5n9j2qSE,牛街社区卫生服务中心
o5ODa0456EzZPynoxviJCC_V-i5M,什刹海社区卫生服务中心
o5ODa0xJv2bsePTmf0OoSX7Wv_yk,广内社区卫生服务中心
o5ODa03M-2pB9k7wKaHXu9-KuedE,椿树社区卫生服务中心
o5ODa03V2MaUIGUlWInbs1xSOYPk,新街口社区卫生服务中心
o5ODa07l1coQH5XX3__xNulX60-c,新街口社区卫生服务中心
o5ODa02F1rwF2qI0cqyw7S90-yJk,广内社区卫生服务中心
oNCi-07fWYNm2SMQL55PeoPP4ZXs,白纸坊社区卫生服务中心
oNCi-0zcNjSQJA18osaGYJH7vVjw,白纸坊社区卫生服务中心
oNCi-0xht2MjtNthIiZr4M2zgREc,白纸坊社区卫生服务中心
oNCi-0x4Wl4AJVbSASlorK0wjMFE,白纸坊社区卫生服务中心
o5ODa0-xsDFw3Df2E-OTnMS26gr0,广内社区卫生服务中心
oNCi-02H1xAXYN295MpunhPBM-dI,白纸坊社区卫生服务中心
oNCi-0_5os-pAYsAilfqw8utEpeg,白纸坊社区卫生服务中心
o5ODa0wV7O0IH5qHeF4XsJP9NOaQ,牛街社区卫生服务中心
oNCi-07sH0Jd5N4SJD8RcBPop9cw,白纸坊社区卫生服务中心
oNCi-088AD7rr2P5vSgEp9DXYAh8,白纸坊社区卫生服务中心
oNCi-05cnK-EEd5E2BtYWe2VBYF8,白纸坊社区卫生服务中心
oNCi-04ztQ4O9PChXacAO8JR8azA,白纸坊社区卫生服务中心
oNCi-07Vh_EVhsbbZBCMhZx8PUqw,白纸坊社区卫生服务中心
o5ODa0yk4oNzB7QBqdq2UtQ8NWPc,大栅栏社区卫生服务中心
o5ODa0_fXrORbBcrPRaRzvVF4JuA,月坛街道木樨地社区卫生服务站
oNCi-03Nytt11ce6Y4uyGtlYFbqE,白纸坊社区卫生服务中心
oNCi-07mqNKcbsgCpmhiuDFdFo88,白纸坊社区卫生服务中心
o5ODa0_FjYO7ScDro-e1swQpP0GQ,新街口社区卫生服务中心
oNCi-0xGfnM01XoiTbWZUJmc4zAw,白纸坊社区卫生服务中心
o5ODa09zXLpqrrrP6e42C4emwY04,金融街社区卫生服务中心
o5ODa08WCCvXjyKwaD7hWCWBBIZY,新街口社区卫生服务中心
o5ODa0xJtl7h9Ahg0JfVf-hm-oxk,天桥社区卫生服务中心
oNCi-03d8nKyS1Vy8g2endO-CAbk,白纸坊社区卫生服务中心
o5ODa0wX8d_rVcMS6FlZimHwFE1M,月坛街道木樨地社区卫生服务站
oNCi-03fuEzS2LbuwkqeByRevmyI,白纸坊社区卫生服务中心
o5ODa04GbdLTyXXAFf5cqCs1IjKc,新街口社区卫生服务中心
o5ODa015RkGRNJCXwXy9pYgZn0kE,广内社区卫生服务中心
o5ODa0yNJKZWoO7FWUzbFtCWARUg,月坛街道木樨地社区卫生服务站
o5ODa07YyeUIlCo6J6G0vMej9oe4,月坛街道木樨地社区卫生服务站
oNCi-07_GNglGH7dj21xYLviVlMk,白纸坊社区卫生服务中心
o5ODa044Mj0qVZozcLMTdqxSU9fM,牛街社区卫生服务中心
o5ODa01_R5nMT95MU_bfjg8DeqWY,大栅栏社区卫生服务中心
o5ODa002sgAbFOGb8zoCMdw98VAU,牛街社区卫生服务中心
o5ODa0zVmu54pXNLTZkJUO1qkcYA,陶然亭社区卫生服务中心
oNCi-08-VUOHuW0w2DIDODdj2CdU,白纸坊社区卫生服务中心
oNCi-0zxgyIXBwfnFwF-DLZNdu80,白纸坊社区卫生服务中心
oNCi-00liXJ3upDPGOsZOQw4OyW4,白纸坊社区卫生服务中心
o5ODa01mp1U1-7I54CAmEYKUTyBU,天桥社区卫生服务中心
o5ODa0zSuepY06o-YhsmN9L_LNcw,牛街社区卫生服务中心
o5ODa0wIfw7yzzhH3lp6cR2-QfeM,新街口社区卫生服务中心
oNCi-0_UVC4OlY-R0ZLnZZCNmHBM,白纸坊社区卫生服务中心
o5ODa03pa50H-tuHuYYBXQG-uXS0,新街口社区卫生服务中心
o5ODa08G6Yyk_61FuuNeOCF6WLiA,椿树社区卫生服务中心
o5ODa01PB2z5c7BwK1IRnMAYIqt0,牛街社区卫生服务中心
o5ODa0yC77_N1WU4of2fp-cI0r7o,广内社区卫生服务中心
o5ODa08f7KHQ9qaFdcXHCkK3bvEU,牛街社区卫生服务中心
o5ODa04gu3Ok-osLH27E84L82_R4,月坛街道木樨地社区卫生服务站
oNCi-0-GD-exoyCiil1EaKzuCS4E,白纸坊社区卫生服务中心
o5ODa01_FZBBGGBmJAcKxfWpTfDA,牛街社区卫生服务中心
o5ODa0xjB3jREFE1Bu13l-B5DO8I,广内社区卫生服务中心
o5ODa07IzYj7SbeFPH529CMa-DUg,广外社区卫生服务中心
oNCi-06rR7RNCN8_hbvfikSqG71s,白纸坊社区卫生服务中心
o5ODa02pVNFqCRD3TStcuPkZMMww,新街口社区卫生服务中心
o5ODa06XlhCNYXTxQw3_CnT5X0g8,新街口社区卫生服务中心
o5ODa0-4KFd9ww7IQvGlkC_Nmo4k,广外社区卫生服务中心
o5ODa08ZNyxkjjKAlFvgahXE-OIo,广外社区卫生服务中心
o5ODa0yx1Z3Y-JcCXgnmFLvFtO0A,广外社区卫生服务中心
o5ODa051L7Fuxs-0b7Au-4kkLqkU,陶然亭社区卫生服务中心
o5ODa0_Mc2snQMclfMpsEXSbYA6Y,陶然亭社区卫生服务中心
oNCi-037ZJiLlJyY_qsLTlEf8RiI,白纸坊社区卫生服务中心
oNCi-0-9h19QPKt6isKwMbj8wLRw,白纸坊社区卫生服务中心
oNCi-062MsbHHwhS5bqWUQk8d1Lc,白纸坊社区卫生服务中心
oNCi-06YNGaec0qL-SPhbHKCkCo4,白纸坊社区卫生服务中心
oNCi-01eXscvQFwzyrF0fcJgBcos,白纸坊社区卫生服务中心
oNCi-0_YU_ofP-lmaNQ82Pf07Ydg,白纸坊社区卫生服务中心
o5ODa05FSoTiQGx2YIpdg3MYXIE4,牛街社区卫生服务中心
oNCi-0wAi2a3R0u0suocoVUC10n8,白纸坊社区卫生服务中心
oNCi-011GWxMzH12MFZc0KcaR0vA,白纸坊社区卫生服务中心
oNCi-02vQZpEjo4q2Sq6-t_Z7iqM,白纸坊社区卫生服务中心
o5ODa02oc7j5l1_CkGTkPR5NsEK0,西长安街社区卫生服务中心
oNCi-06lGf6kz8Kpk0HGSlIjWZSA,白纸坊社区卫生服务中心
o5ODa0zTf331wuv-fAZraRjWz-gY,月坛街道三里河二区社区卫生服务站
oNCi-0_zcYoU7uRXsBAiJW1wqNNI,白纸坊社区卫生服务中心
o5ODa0wV0tY9FrhZ7Hki-NKYOVY4,广外社区卫生服务中心
o5ODa0-JFQI2hE0ONgEjT4ABTEsM,陶然亭社区卫生服务中心
o5ODa00JQf3q3G1rY5qTgRk5WSy8,陶然亭社区卫生服务中心
o5ODa08syx3-WEI08b2fmF3LTn5Q,牛街社区卫生服务中心
o5ODa07H462gCXzyVnqxRInsY27o,月坛街道木樨地社区卫生服务站
o5ODa0_IouWZIHxL3BAoxZyI-2RI,新街口社区卫生服务中心
o5ODa09B6AbWE67PG1HJj0W5xDpQ,新街口社区卫生服务中心
o5ODa00_Y_ZjQt49yErbauCjj6Co,广外社区卫生服务中心
o5ODa08G--cLA5v97iXUBDmNgDIk,广外社区卫生服务中心
o5ODa09a2ZDlkQY42XAp3_9_VxOw,什刹海社区卫生服务中心
o5ODa0zfbMfVXSefsPZe_AMwlxTg,月坛街道木樨地社区卫生服务站
o5ODa0xAaEFBHUO1ObUAU0q0a_vc,广外社区卫生服务中心
o5ODa08PPxJz2dbjUvQFyLf1naRU,广外社区卫生服务中心
o5ODa04LWoGIL_Qe5VYfTZRAtp6c,西长安街社区卫生服务中心
oNCi-0yals4T3af_-Dsotf-RBvzQ,
o5ODa0wv3XELVxj48Q5UkEdZQzgs,新街口社区卫生服务中心
o5ODa05jhWfPFyHD9-A6XOLAq3-g,广外社区卫生服务中心
oNCi-01yuGTESvPYv347EHV5c604,白纸坊社区卫生服务中心
o5ODa09bHjrpHa7C9XqLUd5p55NY,西长安街社区卫生服务中心
o5ODa0wJxndR-H1A6u09TIivYLFk,广外社区卫生服务中心
o5ODa00dkxelhQhgdApg-AIrfbsw,陶然亭社区卫生服务中心
o5ODa0zeisKGZlRxr4wiU627dMAM,陶然亭社区卫生服务中心
o5ODa0_ZDbg8aGsi_aYdlE66S_Rc,广外社区卫生服务中心
o5ODa08gyO1__U03yLLHpO0Y0rvc,广外社区卫生服务中心
o5ODa055fJvxMBSTE-VaYI7BgNWw,广外社区卫生服务中心
o5ODa099j1PQ6N18bjz_3mJXBokU,月坛社区卫生服务中心
o5ODa0-azZU1jX8X6kTugCCDhzYs,广外社区卫生服务中心
o5ODa0682b0cjd2fLcN6JPlRFxKs,广外社区卫生服务中心
o5ODa0zBvVOBibbNu_qkjP5lrJRs,广外社区卫生服务中心
oNCi-04cfVybGGDpivbcoAtMqTrw,白纸坊社区卫生服务中心
o5ODa09oVhFpo47JG93dSDpoR_jY,广外社区卫生服务中心
o5ODa0wh4NqqHPkbAPGyMT-hv4io,广外社区卫生服务中心
o5ODa0-ZjAugpwStSgKTca3ZXeWs,牛街社区卫生服务中心
o5ODa0-liKYN0HORxBNZibZ7kMfI,广外社区卫生服务中心
o5ODa0yiFpHNQ85uorXiIRvjGlmI,牛街社区卫生服务中心
oNCi-0932Zj5ka0GgdpG6PvYKbWQ,白纸坊社区卫生服务中心
o5ODa03agiItkBI3E--Ff90a4a-Y,广外社区卫生服务中心
o5ODa07Ned7NrGYTBSj0AQ3nGyqI,广外社区卫生服务中心
o5ODa09YNdj3sgM89LqOyo45ZuiI,月坛街道木樨地社区卫生服务站
o5ODa04gTdX-8r8BS6X6g3XYMVNE,广外社区卫生服务中心
o5ODa05zCOnyqVZGPYS8UqlRHUpE,陶然亭社区卫生服务中心
o5ODa08NEp7ELWzRZU-fO97m7v-I,月坛街道木樨地社区卫生服务站
o5ODa05JVNegQa_Ol9kbJVd57cBY,新街口社区卫生服务中心
oNCi-0_Oz8rwVeqwaEJYlc4w-QE8,白纸坊社区卫生服务中心
o5ODa01JtMn5iZzykpL5kr9M-mx8,广外社区卫生服务中心
o5ODa0_aLOB5PxYAe1nh7cEjDbS8,广外社区卫生服务中心
oNCi-0z2x6hzA7klTHmOlvYByero,白纸坊社区卫生服务中心
o5ODa07AIedmwKkWJQpplZrz5WpQ,广外社区卫生服务中心
o5ODa0xHLYB4EIDSLXX9o5q_Qwrs,陶然亭社区卫生服务中心
o5ODa0xeVwLyI2CMvP0cmg3Kluo8,西长安街社区卫生服务中心
o5ODa08P-ig2KbYKgsis7YV8y1Bw,广外社区卫生服务中心
oNCi-0zoBx4jO5S2uuL8PvfFf7BQ,白纸坊社区卫生服务中心
oNCi-0yZzSo_10i6Oh6mdqOogxqA,白纸坊社区卫生服务中心
o5ODa04mwiim_Xpz2bRxyxXL4BHI,广外社区卫生服务中心
o5ODa0-mxuLn48O9f-WxTKbWyGZg,月坛街道三里河二区社区卫生服务站
o5ODa0xQKGJ3vrceuMIFIcsHNufo,广外社区卫生服务中心
o5ODa0w6L-T-Oc3xgu-OOvRvxIeM,广外社区卫生服务中心
o5ODa06-hBmqEMPRgAHSKubLHn-8,陶然亭社区卫生服务中心
o5ODa0zOXvHxFmzPrcrn-Rb1FNrI,广外社区卫生服务中心
o5ODa0_zpo5JZFOLFCAJWcsZnhw4,广外社区卫生服务中心
o5ODa0--llQ6rD_-Do1NU_TYiXoo,陶然亭社区卫生服务中心
o5ODa06U2TRzvbLmsOU4b--BKe5A,广外社区卫生服务中心
o5ODa09U1UXwbSowUPvbXKsVh_JU,陶然亭社区卫生服务中心
o5ODa09-hFufAa6Djbp3lv1Ljyzg,广外社区卫生服务中心
o5ODa054ufSW-pgFRiHmGOhINwsA,月坛街道木樨地社区卫生服务站
o5ODa0_TNUAxZ6kg2J0lNQzCZOik,月坛街道木樨地社区卫生服务站
o5ODa03hZ1fqJ_28DbAzuLmqMc40,广外社区卫生服务中心
o5ODa04lZDSNtopzMocPlGTKsmco,牛街社区卫生服务中心
o5ODa0yNRpSIyT61q7h-WmUyz2YI,广外社区卫生服务中心
o5ODa0-9I5vcs5l0wUBFdiphjKGs,月坛街道木樨地社区卫生服务站
o5ODa0_5Me7r87TUuWSi9BqDERnA,西长安街社区卫生服务中心
o5ODa02h6okUwza1g40s0Hdlg-98,牛街社区卫生服务中心
o5ODa027dlsz-y_e_k8lnoh9FpP0,牛街社区卫生服务中心
o5ODa0-gVaLkcBslGJGZ4jkiIEAc,陶然亭社区卫生服务中心
o5ODa07LVWvCv1_T5l9_a3n1sdIk,广外社区卫生服务中心
o5ODa0yL8GgJhAmu2Bzk0sa6Sc-M,天桥社区卫生服务中心
o5ODa03sgq7TeJSTM1YkxN-3s8y8,广外社区卫生服务中心
o5ODa03tl17BKhcViXAF2KEzsaYQ,牛街社区卫生服务中心
o5ODa0zpIjaBEgtwzfsh0E1dH4zs,牛街社区卫生服务中心
o5ODa0yJfIsWXtdsDd5ve9ZyaJJ4,牛街社区卫生服务中心
o5ODa00nXBrJD_izJsA25YIuL-X0,广外社区卫生服务中心
o5ODa09j7bZ6M22NdP3r0ao6tcRM,广外社区卫生服务中心
o5ODa00FL5fEZA78Am6KQQ-NYccE,新街口社区卫生服务中心
o5ODa0z8bMCQqpMf_XHhTaVWtOqg,天桥社区卫生服务中心
o5ODa05o3NQsCbBLfCYwamc69Rxs,广外社区卫生服务中心
o5ODa0xE6dUr5sMb4L8nCO5SZb7Y,白纸坊社区卫生服务中心
o5ODa0y0SahziH0QgowIEHEhl-hU,陶然亭社区卫生服务中心
o5ODa0x9P-0RxCbwBkwHgKbfgf1k,新街口社区卫生服务中心
o5ODa03WA_HLmeVcqwQSYNw9Ka0Y,新街口社区卫生服务中心
o5ODa0zh3KehPEPkUJfokNmOe4Yg,月坛街道木樨地社区卫生服务站
o5ODa0wJUlZxqpw-BNKOfWLYQgPU,广外社区卫生服务中心
o5ODa04mw-ENN0ZK8QK8jGyEp22Q,陶然亭社区卫生服务中心
o5ODa0xBvlDRaSmfOrwcUmtDLQag,椿树社区卫生服务中心
o5ODa08dLY01jpEFhPdc-VcT2OMw,天桥社区卫生服务中心
o5ODa0-ckHx8fByN8AaaSbdYud58,陶然亭社区卫生服务中心
o5ODa0_VlKUu6QvYcYphRfHprdjY,新街口社区卫生服务中心
o5ODa0wJQR5AdvR11COmt7qMS5aw,牛街社区卫生服务中心
o5ODa0yw8LFlIC22n7QQjSIqSluI,广外社区卫生服务中心
o5ODa0xd5SINSJ3Qq35K6Lxg_LQE,牛街社区卫生服务中心
o5ODa01dMvxQ3HfPfAejFDa4riFY,椿树社区卫生服务中心
o5ODa0yaogWYw30LYr_f-fy0U7-g,椿树社区卫生服务中心
o5ODa09vtzj7JKuO0ij8FfGdVqXM,椿树社区卫生服务中心
o5ODa09z0RNTCVHWQ_YEc-oNjaIU,广外社区卫生服务中心
o5ODa08zFf6uJMcn_rBPGz7Zgm-E,广外社区卫生服务中心
o5ODa08rB1KHtRMo3v0xuudQccYg,月坛街道木樨地社区卫生服务站
o5ODa06pkYfbuUMeCNb6zlPdZXRE,广内社区卫生服务中心
o5ODa0_gIJf7nQNwQnU371q1SRmg,牛街社区卫生服务中心
o5ODa03-LzhC9k85b3gwkdkN4RiM,广外社区卫生服务中心
o5ODa0572dV-Z8z_soT3_GaU7cco,陶然亭社区卫生服务中心
o5ODa05cFyiUVAvykgceIdzRNR7o,广外社区卫生服务中心
o5ODa07zl5zVbvNUZw68iz5Oxru8,天桥社区卫生服务中心
o5ODa00-jNXuqQVGqJmy2k6_9CCI,陶然亭社区卫生服务中心
o5ODa039uW40265bsVSNNozlJhVg,椿树社区卫生服务中心
o5ODa0zV9lv5tD_dlegcuBDBUCa8,陶然亭社区卫生服务中心
o5ODa0-eIEIvfgi4HEMz-HX--jdk,陶然亭社区卫生服务中心
o5ODa0xOi5o1AtBxBVjIiq5l2jhE,什刹海社区卫生服务中心
o5ODa02du7wQklAYIP8I9y3TjEDg,新街口社区卫生服务中心
o5ODa0wshIMRNk2XRLFDgY_h_f8s,广外社区卫生服务中心
o5ODa02hM2_-Tzj_ZiHUGgzfQh8A,广外社区卫生服务中心
o5ODa06Ksr-RcjBNd-_UUx5kLouY,新街口社区卫生服务中心
o5ODa05Quo6RC3kIBs--wR_dG61w,陶然亭社区卫生服务中心
o5ODa024GRVISLrhmRbSUfZUXgKI,新街口社区卫生服务中心
o5ODa04r16KXQYVlf0v_JDMgUOOo,月坛街道木樨地社区卫生服务站
o5ODa04gk9lHqHCbDC7AAU7InB1I,月坛街道木樨地社区卫生服务站
o5ODa0wlATwVRj7pE_egY0K_n9Hs,月坛社区卫生服务中心
o5ODa0wXCFXsVjbTq8xOfNuZ9epw,小汤山社区卫生服务中心
o5ODa04H8aA17ufoZua66tNmeF8E,新街口社区卫生服务中心
o5ODa0_lmM_cz7b_7hlZKppPmqpk,小汤山社区卫生服务中心
o5ODa0xvv4R37cJWImvu-3DpB5Z4,小汤山社区卫生服务中心
o5ODa01p5U4OxGeTNZUFGHhkza90,小汤山社区卫生服务中心
o5ODa03vhslW9PxLpka_hq9C9qvQ,广外社区卫生服务中心
o5ODa0___ZxJghYDLX4u3oME0jUc,大栅栏社区卫生服务中心
o5ODa023ZLWI-9AWwln72VqhuOEk,月坛街道三里河二区社区卫生服务站
o5ODa03MISMKF2AlTdWGDo1CQ7Dc,小汤山社区卫生服务中心
o5ODa0-B0Q-cs74ICXtVopOgBFY8,什刹海社区卫生服务中心
o5ODa01E1st2gtTISxAplwbUonO4,小汤山社区卫生服务中心
o5ODa07TWo_3DcQV0q89hL7uZifE,广外社区卫生服务中心
o5ODa04X31HsLOABf4uBFwOn5R8s,月坛街道木樨地社区卫生服务站
o5ODa0ypLr79f4E1ypsQzZyUntgA,广外社区卫生服务中心
o5ODa064KoUetST0l7x45bPONIPU,小汤山社区卫生服务中心
o5ODa028yHj54JQaPL4D_iG58ttM,牛街社区卫生服务中心
o5ODa02zM9Vab9SOf1Fvg03X9rzQ,小汤山社区卫生服务中心
o5ODa0_2HbVVtZ-RCHRJY5UDYTFk,小汤山社区卫生服务中心
o5ODa00QRqxzlZtWJMeauPffb3CU,小汤山社区卫生服务中心
o5ODa05TFcA99cYgfbbZKmUtzx1E,广外社区卫生服务中心
o5ODa004NBtDM4QN5NulyMAhMkI0,月坛街道三里河二区社区卫生服务站
o5ODa04fbL1qo-vFjWImgoaykDG4,新街口社区卫生服务中心
o5ODa0xhZc0GEzGv72GP8C9q8b6s,小汤山社区卫生服务中心大东流服务站
o5ODa06yukXOAPdXIzcONRiiZ5tI,新街口社区卫生服务中心
o5ODa0-CA3A23hNRDiILjFoxTnas,广外社区卫生服务中心
o5ODa0wp3fHDTlKmMlfHJrvKPTbI,西长安街社区卫生服务中心
o5ODa03Uug1CrOV2aO5Hh0gjAg20,小汤山社区卫生服务中心大东流服务站
o5ODa055K6p876h8DaCSwR3eJfoQ,白纸坊社区卫生服务中心
o5ODa00m5slW_glCUikt4qzpYhXI,广外社区卫生服务中心
o5ODa0-BKAYbAqgmnj-Guo8AweEk,新街口社区卫生服务中心
o5ODa03_SXW4gNbJ7yKdahkVhfFM,广外社区卫生服务中心
o5ODa04nwZD3ujB_c3PBJi5_klQU,小汤山社区卫生服务中心
o5ODa0-56kgMVdI_x9gdiSxqIKSQ,西长安街社区卫生服务中心
o5ODa02Zyg43b6EmVk0nNeEMm3kQ,
o5ODa04pQ6obpwQNA_PGZdD5YzwI,广外社区卫生服务中心
o5ODa02DMTgpL22Pl199zbXgEryU,陶然亭社区卫生服务中心
o5ODa06VoUoLsI9mngYjy8agthw8,天桥社区卫生服务中心
o5ODa033Pirr9X6-QB8M_Wu1Zgcc,新街口社区卫生服务中心
o5ODa07CJD5Ia6TCSCPw3YzyQatk,广外社区卫生服务中心
o5ODa00Byfa7gGcG3FtXfDfBp1F4,新街口社区卫生服务中心
o5ODa0yJEaYv-XfYQqIOib0Y1ClU,
o5ODa08MaxGo3BRP5dab5uXxzAbs,新街口社区卫生服务中心
o5ODa07rXeqd6qUM0ECvRFX4hAXw,
o5ODa0-Bg-EFM33taRPtNLQj6XHI,
o5ODa0ylPKLd9PaeFW94pZphz5yM,
o5ODa08wdLzQ1NBUH7602gbKkGeI,广外社区卫生服务中心
o5ODa04yK8H0a6KdBLJzb23fmgoU,天桥社区卫生服务中心
o5ODa02qGgwUw_-oHx0aWRcXGkUE,
o5ODa02QW1d1z_5tQ14TrqY4uTsg,椿树社区卫生服务中心
o5ODa0-hcvW2KZINDzZxf4YMi1bA,陶然亭社区卫生服务中心
o5ODa00ar2IxLv8lvHs3SH3a_ha8,
o5ODa07i4Hpom4l0XnjWArJaQKRw,小汤山社区卫生服务中心大东流服务站
o5ODa03QfzhWGdQwFfsQfDtzOiME,陶然亭社区卫生服务中心
o5ODa0yOG_dgHQ16Vp9C1Uxs4Nsg,
o5ODa05RacxCPy2UUVjmKLgP-XDo,小汤山社区卫生服务中心大东流服务站
o5ODa00MYPnjUbKzeBjFIUU38qrc,双榆树社区卫生服务中心
o5ODa04cvkdDLtdnhJZBGrHGQ0o8,双榆树社区卫生服务中心
o5ODa03DQOqnVy1HYc3iwsrq5tW4,月坛社区卫生服务中心
o5ODa0_e3JvAVvWIizKXEjwdlujE,陶然亭社区卫生服务中心
o5ODa09DjkAtPmEwv-i6W-bDgkWw,金融街社区卫生服务中心
o5ODa0-BktF0cDKV7ZARSq29HszU,双榆树社区卫生服务中心
o5ODa078AOKX8M6Q7T6ukc_4r5Bg,陶然亭社区卫生服务中心
o5ODa03ra2PKer8xajFLSGIg9tYE,陶然亭社区卫生服务中心
o5ODa09GP6t8Xj_Hx-bHorvJpUEU,小汤山社区卫生服务中心
o5ODa00hfmCi5UdQcdRS950ZwExg,
o5ODa07joRNc5_Bzqawe0XA-qJdw,白纸坊社区卫生服务中心
oNCi-0z153elZzwttFgUtjNaTduA,白纸坊社区卫生服务中心
oNCi-0weLjMwaVk3eUCsnFAxL5F0,白纸坊社区卫生服务中心
oNCi-02PjLgDH2uV_PL8zTOnohXY,白纸坊社区卫生服务中心
oNCi-07nd7KOg5tIIQcWg2TcxQWE,白纸坊社区卫生服务中心
oNCi-05pf3I6rKMjhdK6I4XFK6VU,白纸坊社区卫生服务中心
oNCi-08SlTnEWDnk7PwABqhmfZpc,白纸坊社区卫生服务中心
oNCi-0wNoNdF1KjdzkmRSV2HKKDY,白纸坊社区卫生服务中心
oNCi-04HarCP2vIbEjiGlqkkngW4,白纸坊社区卫生服务中心
oNCi-04Up_2CPsiWTVJayK1Y5O04,白纸坊社区卫生服务中心
oNCi-0xcY37Z6HHM5br9P0CHApf0,白纸坊社区卫生服务中心
oNCi-00Z22or7Qd7pOiM1QtiW5fk,白纸坊社区卫生服务中心
oNCi-0yYLukQr9RLoXdXKyyLaVPc,白纸坊社区卫生服务中心
oNCi-0yXm6cBMbrSh0S3ZcGBihck,白纸坊社区卫生服务中心
oNCi-0wyZot3uYmNX5-MB5xvHHhc,白纸坊社区卫生服务中心
oNCi-04_wXQMx1MWIv9XBk5VBPJQ,白纸坊社区卫生服务中心
oNCi-02TQhMk9D5OC0EbQLonw4vw,白纸坊社区卫生服务中心
oNCi-0-5LGM991NLZ2OzVpRA-_2s,白纸坊社区卫生服务中心
oNCi-08-wq6t-z2YY0J1JF14uReo,白纸坊社区卫生服务中心
oNCi-06VU5MjQwybSOJpKW7plLwQ,白纸坊社区卫生服务中心
oNCi-0x_gBVVpKn78baDfgZWYNHk,白纸坊社区卫生服务中心
oNCi-0x3vwWVpNB2CfO6s0hZDs8g,白纸坊社区卫生服务中心
oNCi-080_u5Ydc7ymb0rFlFYVMB4,白纸坊社区卫生服务中心
oNCi-0_cltQyWciGoU4ceWEj4bmI,白纸坊社区卫生服务中心
oNCi-04hZjub83kAXdg2i74_XFkM,白纸坊社区卫生服务中心
oNCi-03ywYZdfI3SJztIoaXqHDLU,白纸坊社区卫生服务中心
oNCi-06Cz_v1vaij5ShX2v319rjs,白纸坊社区卫生服务中心
oNCi-06Y4zsAu5ghgDjAu530ZXN0,白纸坊社区卫生服务中心
oNCi-05Fad42lR-GTmcChwnu1pzo,白纸坊社区卫生服务中心
oNCi-05CopVpHPbbVqQcFcifDzjs,白纸坊社区卫生服务中心
oNCi-0yKrnxGPS7ncI760VJPjt74,白纸坊社区卫生服务中心
oNCi-0zqIRGQ9cAe3d3vvXywFjTY,白纸坊社区卫生服务中心
oNCi-07fqbQVMp1jubj14m5R22Ug,白纸坊社区卫生服务中心
oNCi-07PAHvDUs1KOdxSXLPCrJ9g,白纸坊社区卫生服务中心
oNCi-09k8OhUluJYX7B7nIfKLlXs,白纸坊社区卫生服务中心
oNCi-05NF44MUOmiJNBaWwMBMD0Y,白纸坊社区卫生服务中心
oNCi-07m10ALZ74tC3vvN02rSGd8,白纸坊社区卫生服务中心
oNCi-01mhx6AY6syIAZOCA0jFbpE,白纸坊社区卫生服务中心
oNCi-0-_m81CbjHed6iDTP_Kv_xY,白纸坊社区卫生服务中心
oNCi-0zMUDFj9ztod7J6SDr5unYI,白纸坊社区卫生服务中心
oNCi-04HapEL661iV-vVVuhTn50U,白纸坊社区卫生服务中心
oNCi-08l_L7BdjjZFcmaZ4IoW1J4,白纸坊社区卫生服务中心
oNCi-02dM8dYmALIG5YDBvNTSmW0,白纸坊社区卫生服务中心
oNCi-00TheirIfsuH_pOMUCGSXNs,白纸坊社区卫生服务中心
oNCi-02S7jNJDUJ2WUJNNjtOsN20,广外社区卫生服务中心
oNCi-0916W1bNnD6NJd0e9XqdupY,白纸坊社区卫生服务中心
oNCi-0xYOLpi6zl4npSL7ojEY1u0,白纸坊社区卫生服务中心
oNCi-09ZUHR5fu76lIhSw4tuHYak,白纸坊社区卫生服务中心
oNCi-00dp7L0RQf8u0ojShdrk69g,白纸坊社区卫生服务中心
oNCi-09FBoID06Qt7vIs0PO3VBsk,白纸坊社区卫生服务中心
oNCi-047T7UxRtktphhu-HeiVL6s,白纸坊社区卫生服务中心
oNCi-05VRO2Mo_ThLJsXyqWS4JRw,什刹海社区卫生服务中心
oNCi-06juxLKfuLuxxQziPAd8xCE,白纸坊社区卫生服务中心
oNCi-0y7wVXYvr4ctnJ-JWU_Fco4,广内社区卫生服务中心
oNCi-05EIPivwmeE-Ui-cfc5pBUE,白纸坊社区卫生服务中心
oNCi-00xrZG692pCtlDKhMAU4llE,白纸坊社区卫生服务中心
oNCi-0117FS5cQzdlp2GYHjohl_I,白纸坊社区卫生服务中心
oNCi-0yMUUuiLw8CxyeknwA_agcI,白纸坊社区卫生服务中心
oNCi-0yd6w0l71dq1VQc_mjGhWIY,白纸坊社区卫生服务中心
oNCi-0-OYPqX_eWLlL0c-bIUcKLM,白纸坊社区卫生服务中心
oNCi-06ySOsG42Hwz8wkcHcZ2Q9g,椿树社区卫生服务中心
oNCi-09GThzkQYfIOMMWIHOnBfyY,椿树社区卫生服务中心
oNCi-01OzN0OVD0nrvM7I8q9bijw,椿树社区卫生服务中心
oNCi-0_71hqPZVdcKc_Q_5Z_LJLw,椿树社区卫生服务中心
oNCi-04Y-pPpVeLXCOwDdYzM42y4,白纸坊社区卫生服务中心
oNCi-0x0uZaQyJPL-Qtjj69_CEwI,白纸坊社区卫生服务中心
oNCi-04-W-SNGroMMAjBYB0FAPrA,白纸坊社区卫生服务中心
oNCi-03tnQVUk3M_VP7dXur6TevQ,白纸坊社区卫生服务中心
o5ODa07gQu1HJag1CSYEIz2fvfQA,天桥社区卫生服务中心
o5ODa0zJtPGCE-TYl1zDhn00FWQE,月坛街道三里河二区社区卫生服务站
oNCi-07FODgw2ihL4ff8MKX_rj8w,白纸坊社区卫生服务中心
o5ODa05P6WNhys1HaSkEZM1AZWeA,月坛社区卫生服务中心
o5ODa00bNptnvgnM7XanhmZKGyRI,广内社区卫生服务中心
o5ODa02MV7unW80mso3P8Ar9IpFk,展览路社区卫生服务中心
o5ODa08vGvqhCl1noLqMcIGA8wXY,展览路社区卫生服务中心
o5ODa01GCxCyXbuO6eapz1GripHA,展览路社区卫生服务中心
o5ODa0zUZkfC6hTYJ2ZvzCqiMNp0,大栅栏社区卫生服务中心
o5ODa0ziz7ZzwLKEHoZXabg1bCOg,新街口社区卫生服务中心
o5ODa09Qo0pCJ4ZF8kt3FhFcxdIs,展览路社区卫生服务中心
o5ODa03M3DiDuCdNXJv9wI7-F4vY,展览路社区卫生服务中心
oNCi-02uSatTr9-zAhNGrTPPy4JE,白纸坊社区卫生服务中心
o5ODa08n1VbKlK_Kk-Lg8sYiW7Gc,大栅栏社区卫生服务中心
o5ODa0_YPJJ4CVoKEnRq-IhddS10,月坛街道木樨地社区卫生服务站
o5ODa0ycT9UoHuoOd3gX-1jY6354,什刹海社区卫生服务中心
o5ODa07IOrxeAgAI0WsE9ef4F-yw,月坛社区卫生服务中心
o5ODa0yl0bYhrKO4Ps47XkzILyuk,天桥社区卫生服务中心
oNCi-0_hzRn3z3_4-7qHpo_sGuc4,白纸坊社区卫生服务中心
o5ODa042WP1weormKN8Vuv7WF-qA,展览路社区卫生服务中心
o5ODa0_xyl7ynCkCzOD6gDn4tSpY,陶然亭社区卫生服务中心
o5ODa08Sffa4tUr96xLSJ_1upU5A,月坛街道三里河二区社区卫生服务站
oNCi-05VzLN5lpj9m50zC-g7Hq5Q,白纸坊社区卫生服务中心
o5ODa045Kbg0EChw2ZAEs6ygX73Y,月坛社区卫生服务中心
o5ODa03gJoXmkkaBpbE55i-zhTfY,陶然亭社区卫生服务中心
oNCi-02JuunWGVspVEE2Lfsif_bA,白纸坊社区卫生服务中心
o5ODa0_9b0hNNaIJooKot28fM90k,月坛街道木樨地社区卫生服务站
o5ODa0yZOPRkE5DUHxJb7Qi9aSlg,陶然亭社区卫生服务中心
o5ODa03YzeX8tFXOQZEzRjcUNECM,椿树社区卫生服务中心
o5ODa0w62GH9W6qmoUSDN0wtValo,广外社区卫生服务中心
o5ODa05cVk7Q96SEY4enyyK4lMQM,广外社区卫生服务中心
o5ODa0wdJ2yzQH6tx1jVIbQsFSLY,展览路社区卫生服务中心
oNCi-0wYGIrcKtnpug36AT4YMR_s,什刹海社区卫生服务中心
o5ODa04Vqw6rBDh0dVs8jFLnjNuM,牛街社区卫生服务中心
oNCi-05kHocWYRiS8IvNwOKVkplc,白纸坊社区卫生服务中心
o5ODa05fzECJmj_birpn5Z717YHo,广内社区卫生服务中心
o5ODa05hmocTRHA7u0ciwJBuWcW0,金融街社区卫生服务中心
o5ODa0w21791I5PEJPCFW8s9H4pI,展览路社区卫生服务中心
o5ODa0wcwrGJzVGlB8vv_LP5gzMY,牛街社区卫生服务中心
o5ODa0-rUzbKT4j1QxstPmPsFka4,广内社区卫生服务中心
o5ODa07VihiQ3ns728-gM3tKAibg,什刹海社区卫生服务中心
o5ODa0-rwKneDeVUxjHn3HAKvZoY,月坛街道三里河二区社区卫生服务站
o5ODa05TAnedcYui2g9gdQD61Sg4,什刹海社区卫生服务中心
o5ODa08vR42pubPfHiRgEN4xQOC4,月坛街道三里河二区社区卫生服务站
o5ODa07USHhtqBmf3WXyXbXATjCA,椿树社区卫生服务中心
o5ODa0zeYSjaVF7A_8kq0CfZY_zI,月坛社区卫生服务中心
o5ODa04pCouUbWVaVCdKPZUR4XiA,金融街社区卫生服务中心
o5ODa0-xvjP6VDnIDlM9HHlFIz0o,牛街社区卫生服务中心
o5ODa05l9zgc1gFoquj-WqNfNcWU,什刹海社区卫生服务中心
o5ODa0_Yejy0dGt7eDFpEHIWTCLw,金融街社区卫生服务中心
o5ODa08plIgUtXl14jJZYimQ4kUk,月坛社区卫生服务中心
o5ODa06lPgpQNjLzTI1FU98aN0D0,月坛街道三里河二区社区卫生服务站
o5ODa07AjnhL24E6idQbUioFxFVM,新街口社区卫生服务中心
o5ODa0_yh6jlktr6J9BKmN62ejsE,月坛街道三里河二区社区卫生服务站
o5ODa0_zPpi_ZpOxRXoe0nzs7CXw,月坛社区卫生服务中心
o5ODa03jUqsEL8uzNhOZ_eBGN_uQ,椿树社区卫生服务中心
oNCi-02miqpNm3T-W7QTk-BB-o-8,白纸坊社区卫生服务中心
o5ODa04dD-ZCPm7aZveM47U7yR-w,月坛社区卫生服务中心
o5ODa03iXXXuEdjlM36aA99aE3IY,月坛街道三里河二区社区卫生服务站
o5ODa06vz0gubjxMJb0DVxXbfiC8,月坛街道木樨地社区卫生服务站
o5ODa07MQ34gkDBJkjW2WaRPy6s0,月坛街道三里河二区社区卫生服务站
o5ODa0-XcC2-dZvK-_SbeRhTNh_s,月坛社区卫生服务中心
o5ODa0-7idjJ5blbfShbbZc3bViY,月坛街道三里河二区社区卫生服务站
o5ODa0wXYpMm-3XeeC01r1jBx8c0,陶然亭社区卫生服务中心
o5ODa00-xKJfn_4hcvfNid9ci1YM,月坛街道三里河二区社区卫生服务站
o5ODa08_LaWA6jGs7hbN65sS4g4M,月坛街道三里河二区社区卫生服务站
o5ODa06fyspeTK3swMOUzowR4E6U,月坛街道三里河二区社区卫生服务站
o5ODa02kn9EmN08uVmnBBHNMnvpE,什刹海社区卫生服务中心
o5ODa0872UvMXs9Fnqsq5w2yzCTw,广外社区卫生服务中心
o5ODa00_7PIxftMeeGRRd2tj58zM,月坛街道三里河二区社区卫生服务站
o5ODa04MWQHaOJTkg05pGYGvER4I,广外社区卫生服务中心
o5ODa0xxGwNC0kPenYmtXc634P74,广外社区卫生服务中心
o5ODa09xaTQL3jx-x-LoGo1nE8b8,月坛街道三里河二区社区卫生服务站
o5ODa05PCz5T8E8gdDpU4KDikhqw,月坛社区卫生服务中心
o5ODa03KgSUe_Mt27b4xbh4MDibg,牛街社区卫生服务中心
o5ODa0wQabA0-PF6L2Z8OJr_y3mg,月坛街道木樨地社区卫生服务站
o5ODa0wQc1IEUpSlifJPcjgbWWkg,新街口社区卫生服务中心
o5ODa09HXC9dT7GN0bXrL4tXWTz8,什刹海社区卫生服务中心
o5ODa0wrjodJAL1h-kqHrNZCbbas,白纸坊社区卫生服务中心
o5ODa06d4Wgi62N4qkTzirPOt5uI,广外社区卫生服务中心
o5ODa04b-tKbtvR6zkmTFb7l98ag,广外社区卫生服务中心
o5ODa006YCQqINjsKolc_RcYzP2k,什刹海社区卫生服务中心
o5ODa0xPGFbrUJCr7kDASAjQTFaY,什刹海社区卫生服务中心
oNCi-04DXgtgMAYVm7NHZhJ-JWPM,白纸坊社区卫生服务中心
o5ODa01znvdTuZge9GlMiOgCs2hs,小汤山社区卫生服务中心大东流服务站
o5ODa0w-dqZ6X4GU0ZvNLdpU7oWg,小汤山社区卫生服务中心
o5ODa0xtc_dneWZQpnwBqPJV0IqE,小汤山社区卫生服务中心大东流服务站
o5ODa09pNNeoabyY9FDwvLn6IgYw,新街口社区卫生服务中心
oNCi-0yrblOJUDzP3-H0d-VvydA8,儿宝宝互联网社区卫生服务中心
oNCi-03ImYezzkEavRpymYe5Geyk,儿宝宝互联网社区卫生服务中心
oNCi-08r8Fc6G8Ffih-brcGl1Pvw,儿宝宝互联网社区卫生服务中心
oNCi-0xJTvsTBgYw7w66xIUKRR7o,儿宝宝互联网社区卫生服务中心
oNCi-0zPJyikJht1YNrzV5KMR9ZY,儿宝宝互联网社区卫生服务中心
oNCi-0ztBJ2pjYekS5NF8MNba5rQ,儿宝宝互联网社区卫生服务中心
oNCi-051Hh31FtkjqJbdlT03oUts,儿宝宝互联网社区卫生服务中心
oNCi-0zEwkrWs5y3-GWKuPtuxs2o,儿宝宝互联网社区卫生服务中心
oNCi-00Zn_ZnvXepiMpzrlKZTDjY,儿宝宝互联网社区卫生服务中心
oNCi-0wSD96fpi2zjx3QjInlgZJY,儿宝宝互联网社区卫生服务中心
oNCi-0x7qUxK6izKxyW_jL6zvLNc,儿宝宝互联网社区卫生服务中心
oNCi-0ya3TsdqZ8bQxhJIlDoFEJY,儿宝宝互联网社区卫生服务中心
oNCi-0xXCqa2slT1iWFrYvamV1as,儿宝宝互联网社区卫生服务中心
oNCi-0wBlkx4MKLGBozlNjG68ggA,儿宝宝互联网社区卫生服务中心
oNCi-0_VhuOpuAg97xi7-q9JxZOQ,儿宝宝互联网社区卫生服务中心
o5ODa0z2zN5Ji--st3HQcJ176k6g,儿宝宝互联网社区卫生服务中心
o5ODa02fhU2c5IBXoELLmdsv_Tz0,儿宝宝互联网社区卫生服务中心
o5ODa0-qKNjaoFPxy9gcqgec36l0,儿宝宝互联网社区卫生服务中心
o5ODa05SXLIM758YQn5zOs65ihfQ,儿宝宝互联网社区卫生服务中心
o5ODa09GBe8jvDG4pKnOzQra9t5Y,儿宝宝互联网社区卫生服务中心
o5ODa0z5gw4w_kmqr6gUKKAd8N1U,儿宝宝互联网社区卫生服务中心
o5ODa02o0EguU5PTPTge6chyyABk,儿宝宝互联网社区卫生服务中心
oNCi-04jjTWCNPb2qyg6gRxk8UKg,儿宝宝互联网社区卫生服务中心
oNCi-08zIyZY5zt6wHRFSD9OHDr0,儿宝宝互联网社区卫生服务中心
o5ODa06S6LKWE2hvYcdkr-_3LHpE,儿宝宝互联网社区卫生服务中心
o5ODa0zufVGzvtRalMOiDPAtP0do,儿宝宝互联网社区卫生服务中心
o5ODa09b9hi7w9_9HiKbHkmeLQiE,儿宝宝互联网社区卫生服务中心
oNCi-030c5QN4-GXxgEt1Awul4AM,儿宝宝互联网社区卫生服务中心
oNCi-07etlQNomv68MRR4o2Dd7m8,儿宝宝互联网社区卫生服务中心
o5ODa0zp1u5yzQonOKVuS1ufqb_w,儿宝宝互联网社区卫生服务中心
o5ODa05FXyRgfnSGIU8rKuGzH47E,儿宝宝互联网社区卫生服务中心
o5ODa01o1JGaE9m7P9FD7df_rR08,儿宝宝互联网社区卫生服务中心
o5ODa03cdsxB7g5vnPJCJgrGulnI,儿宝宝互联网社区卫生服务中心
o5ODa02VdmZQteOFP2jtzAdN50_k,儿宝宝互联网社区卫生服务中心
o5ODa0-dzHS-gzulknWH6T9ThaMs,儿宝宝互联网社区卫生服务中心
o5ODa0_nJi97IxCdLl2nYuoKbvWI,儿宝宝互联网社区卫生服务中心
o5ODa0xeweEi6oX2oezXDu6_F0vY,儿宝宝互联网社区卫生服务中心
o5ODa05YFN3sg5wpw5TPY-I4DesU,儿宝宝互联网社区卫生服务中心
o5ODa0yuvoaXgGFrXNfNUJsjNRoI,儿宝宝互联网社区卫生服务中心
o5ODa04y3-dNGt_HlaizxEDvpWfc,儿宝宝互联网社区卫生服务中心
o5ODa0_GTUFX2LXkAs9BjKUGqoa0,儿宝宝互联网社区卫生服务中心
o5ODa02RNjB_0o8u_lQUgKUA8Wvk,儿宝宝互联网社区卫生服务中心
o5ODa00bEZGWu8-AD2uTpMQVWoRE,儿宝宝互联网社区卫生服务中心
o5ODa02IxKGB7QqAkOyHPmumm-Wo,儿宝宝互联网社区卫生服务中心
o5ODa09Y5lPdFO6Wu_stGaCPRQ0s,儿宝宝互联网社区卫生服务中心
o5ODa04YUwWaTc_i5QzU2Y7G-z3s,儿宝宝互联网社区卫生服务中心
o5ODa09Pw3-KpLWFs8aAPvbWEu9Y,儿宝宝互联网社区卫生服务中心
o5ODa082HVd3iQHpYiflnjo19e44,儿宝宝互联网社区卫生服务中心
o5ODa07MyY1LMUcwpE8zy-To7eDM,儿宝宝互联网社区卫生服务中心
o5ODa01jwWWt4HiAjM-2tJzVzpNw,儿宝宝互联网社区卫生服务中心
o5ODa05__LOeZoQrVywUnJ5tX5EQ,儿宝宝互联网社区卫生服务中心
o5ODa07HP4G-4oHzWviokU7pIrzc,儿宝宝互联网社区卫生服务中心
o5ODa0w5cDRG4OfwhpyqcV901j1Y,儿宝宝互联网社区卫生服务中心
oNCi-07mEr547HrubVINtKwuaz9k,儿宝宝互联网社区卫生服务中心
o5ODa027e2YFhf-bVExfgspzkuoA,儿宝宝互联网社区卫生服务中心
o5ODa07C-xnrBNCuGf7ByRscJO_s,儿宝宝互联网社区卫生服务中心
o5ODa03qRdm4JkMZU1H1ipnYBJBk,儿宝宝互联网社区卫生服务中心
oNCi-0yQhY1RjcSOYZCTl_EcD6Bc,儿宝宝互联网社区卫生服务中心
o5ODa0znxk1v4r3znu7JRAtTGAzM,儿宝宝互联网社区卫生服务中心
o5ODa07exEmXrVyOqjXf2DIJc3B0,儿宝宝互联网社区卫生服务中心
o5ODa05KxSz6CkGLqGtGO9C97Neo,儿宝宝互联网社区卫生服务中心
o5ODa0zORlhkyJ2eJBthv9NMqTvE,儿宝宝互联网社区卫生服务中心
o5ODa0zZoXO5cPdXtQaEUY4mEQDI,儿宝宝互联网社区卫生服务中心
o5ODa037Pw_sWRhbw7gZI6Ihvdj0,儿宝宝互联网社区卫生服务中心
o5ODa02VIWyIEqawlL_e4oI43D_U,儿宝宝互联网社区卫生服务中心
o5ODa05RYFILgsxQeCBfzccFB7SY,儿宝宝互联网社区卫生服务中心
o5ODa05xv_c7ENFdIwz-iQdlV4IA,儿宝宝互联网社区卫生服务中心
o5ODa01qFPEtSs2RfbY5Q5r73uQs,儿宝宝互联网社区卫生服务中心
o5ODa0_C4DKnrQ5hqkHeFvHj3vQ4,儿宝宝互联网社区卫生服务中心
o5ODa0963H5zddGdyG-TpzGbfduE,儿宝宝互联网社区卫生服务中心
o5ODa0zmpuMaT5PDVOotsFuJLfZg,儿宝宝互联网社区卫生服务中心
o5ODa0wwNmRWSCIS8JK9muNVyNBs,儿宝宝互联网社区卫生服务中心
o5ODa0x64qASz1QYENMnFqWgLNM0,儿宝宝互联网社区卫生服务中心
o5ODa06pOJMqJ93AUpzu3MfJNcrU,儿宝宝互联网社区卫生服务中心
o5ODa03_sF-7FgyU81cGdw7FLGlc,儿宝宝互联网社区卫生服务中心
oNCi-0_cqngWqzOXeK5dhTJaYeUE,儿宝宝互联网社区卫生服务中心
o5ODa08K1YwV2p5_HPqBRGQpvFqk,儿宝宝互联网社区卫生服务中心
oNCi-05pmnkVsOjMqrW66DGLCObs,儿宝宝互联网社区卫生服务中心
o5ODa09I4K5axcV8suSy7mbGpmLQ,儿宝宝互联网社区卫生服务中心
o5ODa06w5x2DfDseCiscq65lE_GA,儿宝宝互联网社区卫生服务中心
o5ODa03r6-TmZ6offvBb600grobg,儿宝宝互联网社区卫生服务中心
o5ODa0yrhsRW5Zg_VAkI7t-N4Z2o,儿宝宝互联网社区卫生服务中心
o5ODa0wJcVNuD_qJKBoVN2tEKfho,儿宝宝互联网社区卫生服务中心
o5ODa0wmCisaR6mwTZ-gI5_tNcfE,儿宝宝互联网社区卫生服务中心
o5ODa01V5jvnSoDAWn6gQGQS4qfA,儿宝宝互联网社区卫生服务中心
o5ODa0-rPMCOOfVj8sEoa0dOgTP0,儿宝宝互联网社区卫生服务中心
o5ODa0-zh9zH6j4rmZtb_fHVkp0w,儿宝宝互联网社区卫生服务中心
o5ODa01iPI_UJ8W33a0W2S2tkVGg,儿宝宝互联网社区卫生服务中心
o5ODa0zGWjHoaXym6SkoBZ_MN3b8,儿宝宝互联网社区卫生服务中心
o5ODa0xpOb99iEh3-pONEHpAGuwg,儿宝宝互联网社区卫生服务中心
o5ODa08c0pWABoM27VeVdXi-HwlM,儿宝宝互联网社区卫生服务中心
o5ODa04o-qiqCGSeLbKQFLCqDXrc,儿宝宝互联网社区卫生服务中心
o5ODa0wf7bdlNNGRmixe5ICQan2c,儿宝宝互联网社区卫生服务中心
o5ODa0yaZrg7KIIzgE89KyWnqReg,儿宝宝互联网社区卫生服务中心
o5ODa0zkxevS2jNo_bI0jrGsWSK4,儿宝宝互联网社区卫生服务中心
o5ODa03AmPWpnrqoR0Q6cd8iC3RY,儿宝宝互联网社区卫生服务中心
o5ODa02lhpSq1NrtbE531nGL-ryU,儿宝宝互联网社区卫生服务中心
o5ODa05Lm2hmNPzyCoA3CPKAPImM,儿宝宝互联网社区卫生服务中心
o5ODa0wlwCnMcSKJ_1zO4pla3NZw,儿宝宝互联网社区卫生服务中心
o5ODa06TliusvzlVPzdsWCVd8PQw,儿宝宝互联网社区卫生服务中心
o5ODa019OGO3dBkEPYQA0JBfCZns,儿宝宝互联网社区卫生服务中心
o5ODa06g4vUm7Zjhn__SrG2ckbJw,儿宝宝互联网社区卫生服务中心
o5ODa09nqMuGCWT7sVqaFR6WxECQ,儿宝宝互联网社区卫生服务中心
o5ODa09n4hYb5CREdxm67Cpts54o,儿宝宝互联网社区卫生服务中心
o5ODa02HKUiqciCkoBeqz1mVrc-w,儿宝宝互联网社区卫生服务中心
o5ODa05WD3LS32i1DuRElnxin6DI,儿宝宝互联网社区卫生服务中心
o5ODa0_I1g9GrrYS3Iw1Isxikv4w,儿宝宝互联网社区卫生服务中心
o5ODa058qIlOpHlwzEKC095y2GDI,儿宝宝互联网社区卫生服务中心
o5ODa0wCrNIyEQjRYPCpvRXPhrRo,儿宝宝互联网社区卫生服务中心
o5ODa0zPc2glzdnvfwAQ3xLIJ51k,儿宝宝互联网社区卫生服务中心
o5ODa06VikCfquMc-cVmg69pRfgo,儿宝宝互联网社区卫生服务中心
o5ODa08xYfXg165At4Pj3lGnAvB8,儿宝宝互联网社区卫生服务中心
o5ODa0xco4Lo57gCXdZbkZ_F3neI,儿宝宝互联网社区卫生服务中心
o5ODa011vljBMwVxhUH5Q3qElfuU,儿宝宝互联网社区卫生服务中心
o5ODa00UpvTxkfkzRpsCuUZ5V8WI,儿宝宝互联网社区卫生服务中心
o5ODa0_HQ1Rybz8ppeB1NiSx5F74,儿宝宝互联网社区卫生服务中心
o5ODa0yVu22uUdA5fevbCp3KBGQM,儿宝宝互联网社区卫生服务中心
o5ODa05qBOPHaesh298NTkWlepW0,儿宝宝互联网社区卫生服务中心
o5ODa0xbvTez4nzwmSU6SzCAV3Ps,儿宝宝互联网社区卫生服务中心
o5ODa0wgNVxzOs0q4q4cWfHype0c,儿宝宝互联网社区卫生服务中心
o5ODa0zBIFtTkIrI9TEWhLZm3hx4,儿宝宝互联网社区卫生服务中心
o5ODa08wrDucQqfVKoI93Cz2TIrE,儿宝宝互联网社区卫生服务中心
o5ODa054x_uv8fQC67xG8gGxS4Gc,儿宝宝互联网社区卫生服务中心
o5ODa01UpXJMRnJyTuwooDCM7vOk,儿宝宝互联网社区卫生服务中心
o5ODa06zYDdcY4qzWM39kekP2pnc,儿宝宝互联网社区卫生服务中心
o5ODa0ySxXaO2rKg9KTOdgZ16dBc,儿宝宝互联网社区卫生服务中心
o5ODa0_8x3jDo-_bo_gUjbSB_33Q,儿宝宝互联网社区卫生服务中心
o5ODa0751nir5_M8XOGXggvzyIfA,儿宝宝互联网社区卫生服务中心
o5ODa04a0J7Ww9Ucmukv3_LZNDNc,儿宝宝互联网社区卫生服务中心
o5ODa03DKo049rPobsfggs7dvb-c,儿宝宝互联网社区卫生服务中心
o5ODa09Nu2cM9eydhVCkqcR36tg0,儿宝宝互联网社区卫生服务中心
o5ODa0_Q3fBMmSJnGnGU-nW0NpsU,儿宝宝互联网社区卫生服务中心
o5ODa0zzE9qMP1QqEFSEDLZATSl4,儿宝宝互联网社区卫生服务中心
o5ODa00TbeBSO3doWKFj1KzX34F0,儿宝宝互联网社区卫生服务中心
o5ODa064toeVj4E1uzYsz0gYG08A,儿宝宝互联网社区卫生服务中心
o5ODa0-77g6DvPc6O8XiUhZs7MOk,儿宝宝互联网社区卫生服务中心
o5ODa09UaLCKqR4fa1_NIdGTpaCg,儿宝宝互联网社区卫生服务中心
o5ODa0wgN6TGbi4-cG5hjBsqvmMc,儿宝宝互联网社区卫生服务中心
o5ODa0x0IIZy9649yVxURRuk8yug,儿宝宝互联网社区卫生服务中心
o5ODa07XCtZCcIqxpJzJC10LXr7A,儿宝宝互联网社区卫生服务中心
o5ODa0ySbdXt6dyLf3VsDi1uncyM,儿宝宝互联网社区卫生服务中心
o5ODa04teBb0o754KogyOWEVOh0M,儿宝宝互联网社区卫生服务中心
o5ODa05VL9ueAqOTEccwLNpC8Tsw,儿宝宝互联网社区卫生服务中心
o5ODa07seWMXSpGiEHtSi7DzyIIA,儿宝宝互联网社区卫生服务中心
o5ODa08bMtH2pIku3Hg_qI2ov3SE,儿宝宝互联网社区卫生服务中心
o5ODa020ZBgDK4AN55e_2RXE1yb8,儿宝宝互联网社区卫生服务中心
o5ODa0zFZfeCsgFTkCjn3cf3YOGA,儿宝宝互联网社区卫生服务中心
o5ODa00mpmX5xF4z9Fi_nnrfTNbM,儿宝宝互联网社区卫生服务中心
o5ODa01TrzBXpatHkQ3Fsi3XUliQ,儿宝宝互联网社区卫生服务中心
o5ODa0xFU3jN4gCj7uDlJUIVJoTc,儿宝宝互联网社区卫生服务中心
o5ODa0-m3GxCAOT2qX7y0stTNyJA,儿宝宝互联网社区卫生服务中心
o5ODa08AGXHlEfe08785Cb9z8CB4,儿宝宝互联网社区卫生服务中心
o5ODa0_J_Cj_MIQuWHb3Y08Bi2iQ,儿宝宝互联网社区卫生服务中心
o5ODa09nqhMIQ3zKQ2K18eW2Cwco,儿宝宝互联网社区卫生服务中心
o5ODa0_Oi4sSVJqtKW0RfkKe96h8,儿宝宝互联网社区卫生服务中心
o5ODa0-2BZ8w77Kx1NVcxBgIjNwA,儿宝宝互联网社区卫生服务中心
o5ODa0yfcSvxENXBoRAhu32Jr7us,新街口社区卫生服务中心
o5ODa05fKxiF50N4GmxHeunW2z68,新街口社区卫生服务中心
o5ODa07-HfqewemN529tX9h6yP80,广外社区卫生服务中心
o5ODa0zR9tUK8mWRTDE7uvb1m-d4,儿宝宝互联网社区卫生服务中心
o5ODa0wg18hRhVEpzKem5buR4Kvs,新街口社区卫生服务中心
o5ODa09suVX_WRYmy9pOJ-v_cP40,儿宝宝互联网社区卫生服务中心
o5ODa09SkdpZdsIiY4bejZKh0BS0,儿宝宝互联网社区卫生服务中心
o5ODa0xE9w5Oh2g0hzaCCR0ZP-rc,儿宝宝互联网社区卫生服务中心
o5ODa08LHa_Txj3zFV3gchQNlrcI,儿宝宝互联网社区卫生服务中心
o5ODa02kpuA4sMUjcLItH-H0gpco,儿宝宝互联网社区卫生服务中心
o5ODa0wWPBAYwQrPtOjKHdapSVBk,白纸坊社区卫生服务中心
oNCi-0zIhM-Y3M6zpCp9lrWYI4v4,白纸坊社区卫生服务中心
o5ODa0xyggSEhBxNcRF89C9rBrp0,新街口社区卫生服务中心
o5ODa07lBFlND4hwyYvVOdq3_O1c,什刹海社区卫生服务中心
o5ODa0-b6o7M8N9e3aJDL-tOHzog,陶然亭社区卫生服务中心
o5ODa0zBaAIxpmLi843jk-3ZjKM4,月坛社区卫生服务中心
o5ODa04JqigyB4G0IpX2weTqf4B4,广外社区卫生服务中心
o5ODa02YpzbJnnFhpxH1rXb6-lxY,双榆树社区卫生服务中心
o5ODa0x1NsJGYdf-4FRFAdBRkyvA,广外社区卫生服务中心
o5ODa06OJOA9egKp4mInURR_0S1c,月坛社区卫生服务中心
o5ODa0-qijLbCTIReNS90UIOdJ0E,椿树社区卫生服务中心
o5ODa05EjdpmPPhchjErvsdXn2Xw,广内社区卫生服务中心
o5ODa0-JTfv7dvjTY9R3cTCrN89c,双榆树社区卫生服务中心
o5ODa09T-MvvKYlMEXw-bTVh9RUc,儿宝宝互联网社区卫生服务中心
o5ODa01ZzL5xT11TeX2pxCsF6i2Y,大栅栏社区卫生服务中心
o5ODa00NcpPSD3t9ecjtjgy_RTKk,儿宝宝互联网社区卫生服务中心
o5ODa0-GzPRfJl27-_aidG7BdEHI,月坛街道木樨地社区卫生服务站
o5ODa00OPF5HsU8KIUZVQiB3ONzs,椿树社区卫生服务中心
oNCi-0yP9PVHxfXeWLh-rmJpNoXY,白纸坊社区卫生服务中心
o5ODa05_AukcS0cvZOtcsHJ3OxFE,月坛街道木樨地社区卫生服务站
o5ODa07K0HVzMrb3I7k9bKJPfAfM,月坛社区卫生服务中心
o5ODa09-EkCseRlOfSGBrYelXgJk,天桥社区卫生服务中心
o5ODa02RePYd7_16b7mAV8Qeulg8,小汤山社区卫生服务中心
o5ODa048vCDYmn-EjFgaGOtUVMa0,新街口社区卫生服务中心
o5ODa02cdsyBp3LHueLtLVToT9zM,新街口社区卫生服务中心
o5ODa07CJLV1Va_WYQ0HCEcJs5SA,金融街社区卫生服务中心
o5ODa0ybu2E2ndwni28HIcWIz5Hs,展览路社区卫生服务中心
o5ODa0yzv56fKAXnOyYLtUbME1Ww,展览路社区卫生服务中心
o5ODa05v-u_yXowwYmwTqeqiFLTI,儿宝宝互联网社区卫生服务中心
o5ODa0_F8UNyo5eeHzUF02nMBr5E,儿宝宝互联网社区卫生服务中心
o5ODa04PD1jtiXnzHcuvwu75S2NY,天桥社区卫生服务中心
o5ODa0zptL6lWoUs-7Z3sqqr1ABg,金融街社区卫生服务中心
o5ODa0_p9XdERQXZZMVzjylRnXkg,小汤山社区卫生服务中心大东流服务站
o5ODa0wSD9LNvhVyyWiIr0Gsw46M,展览路社区卫生服务中心
o5ODa0-14vShAK3l5OKxcI0CuXMg,金融街社区卫生服务中心
o5ODa08YyePKgFDSh0mqB9twIafY,儿宝宝互联网社区卫生服务中心
o5ODa0x1R8CbTml5_ZMU5txHiKs4,小汤山社区卫生服务中心
o5ODa06Y6ek6leJVtu43KB2DN0No,小汤山社区卫生服务中心
o5ODa0wy43PVKClcFLdoKNGOMH8w,天桥社区卫生服务中心
o5ODa01QoDmZDQ72qFA7li33EFIU,大栅栏社区卫生服务中心
o5ODa00R-GAAKE0lMs9IEJYshbU0,金融街社区卫生服务中心
o5ODa04aPooX730RabYW92y_FeGo,西长安街社区卫生服务中心
o5ODa03mwZHmQjo8s2LAwFRGQz_M,金融街社区卫生服务中心
o5ODa00pzH-9-8D7sW-t2qTk7SyA,新街口社区卫生服务中心
o5ODa03GRrn3VtwusE15FumhL6z8,新街口社区卫生服务中心
o5ODa08b5veRnEh2PWY5AhzNiQAM,金融街社区卫生服务中心
o5ODa0wK7BC8LvJmAwhm4Um0zngw,新街口社区卫生服务中心
o5ODa03EaqUCGTnbUcHS0ZHz1CN4,陶然亭社区卫生服务中心
o5ODa0-b6u32lGrrjaQxGwo4AF18,小汤山社区卫生服务中心大东流服务站
o5ODa005XH_r2jm3spNGm5B8-y4E,天桥社区卫生服务中心
o5ODa0zTpF65PA3Sp2-9Rj78DI54,金融街社区卫生服务中心
o5ODa0_GFhnjnGJeXz8CZmADJlIY,西长安街社区卫生服务中心
o5ODa06gfVyvxFbMtuzX2gHH7cf4,广外社区卫生服务中心
o5ODa09RmiLWNup3q9FXLp3FI01I,双榆树社区卫生服务中心
o5ODa0yHKa1CU8npIzm-cwCQNR64,月坛街道木樨地社区卫生服务站
o5ODa09a5ocE-GUW0Hc94UHmWKOk,新街口社区卫生服务中心
o5ODa0_b1vQqBlmzXyq9-iIWmmWM,新街口社区卫生服务中心
o5ODa00mA7qxWmat_Mo9tlr7uuzI,展览路社区卫生服务中心
o5ODa0xQyH9SkVFAVBrLIYvfir0w,新街口社区卫生服务中心
o5ODa0_SsK9VVzY-V9qAr37knOfo,新街口社区卫生服务中心
o5ODa08ct4vh4oJcDM5f7yGxlQE4,新街口社区卫生服务中心
o5ODa07WUKTo3Xrd_OBK_wvgxVTE,什刹海社区卫生服务中心
o5ODa041OHwPug3tLuWvBRSLoHIE,金融街社区卫生服务中心
o5ODa07IwG4Y-RXfvXp4KYt2LlG8,牛街社区卫生服务中心
o5ODa03frU36y_bLxcTId4g0_s-U,展览路社区卫生服务中心
o5ODa05pywoGthvrLPw-oSwWxebQ,展览路社区卫生服务中心
o5ODa0xNg3hwwDdR9vzSzocdvFjI,新街口社区卫生服务中心
oNCi-0-Tf7izMGO4-T15siXgRaTQ,白纸坊社区卫生服务中心
o5ODa0-AubJSUqrHUow60uyfTyxI,牛街社区卫生服务中心
oNCi-07EgTCwQtqWrjM6Jg0iM7No,白纸坊社区卫生服务中心
o5ODa0zUl194Di-bfV4nQSuHrxDw,小汤山社区卫生服务中心
o5ODa07fIeO0YPxBUrkoNThwiivo,白纸坊社区卫生服务中心
o5ODa00CCL6BYSY7EbG7CPJWsiHw,月坛街道三里河二区社区卫生服务站
o5ODa0xfXlr3n5M-jos0ICnlVFaY,白纸坊社区卫生服务中心
o5ODa05TGqfk1DvDZb6q5wqwMZ7o,白纸坊社区卫生服务中心
o5ODa0_95SNtCRrAlf_MVnWojx4M,双榆树社区卫生服务中心
o5ODa05z-H5wdzUppxtECasysUlE,天桥社区卫生服务中心
o5ODa02y9HRfan6j_AsUpE-eNsxQ,广内社区卫生服务中心
oNCi-02rQrYpT3yd7V-nomMgWNrU,白纸坊社区卫生服务中心
o5ODa049epFHjMDAz2XLG4_T65tk,双榆树社区卫生服务中心
o5ODa04MDu1qt00FbYfTElIqKUTs,白纸坊社区卫生服务中心
o5ODa05JQV7qq-NT7tIPqRsL5HSw,展览路社区卫生服务中心
o5ODa06YjKhL6IXwkoqD3ZFMcDa8,小汤山社区卫生服务中心
o5ODa0zYDqSrM0Fw9PeiBAI5W3p4,白纸坊社区卫生服务中心
o5ODa00pUSUQJHGB5r4lMcFSekCk,白纸坊社区卫生服务中心
o5ODa08MKnyiZb_98orS54G0d7aE,广外社区卫生服务中心
o5ODa057txyydBvR81Sz_HyqMiNA,小汤山社区卫生服务中心大东流服务站
o5ODa002xVYEdcYouv9Zx7GaOAcU,白纸坊社区卫生服务中心
o5ODa0zp6HFeyhmMwzlhHu4AUmAw,白纸坊社区卫生服务中心
o5ODa0ye9iWDRqB5XG7shkQP_dCM,展览路社区卫生服务中心
o5ODa00gZrgmFEFO95lrOs_diPYU,椿树社区卫生服务中心
o5ODa0xSCiE3YcmBrqb1yDgVHTAY,天桥社区卫生服务中心
o5ODa0xgYsLmqj-YmltUwgurKZ9o,白纸坊社区卫生服务中心
o5ODa09GwSOBFLTA34p5K320YHyU,小汤山社区卫生服务中心大东流服务站
o5ODa06TRs6-n3RfqK5FhkOskkvo,金融街社区卫生服务中心
o5ODa04PbSOGpW-h0Jx5E7dPZ1o0,白纸坊社区卫生服务中心
o5ODa01tM3A-Odaf-h50t2OLvnCE,陶然亭社区卫生服务中心
o5ODa086QRgFM720vcQakS3xzRfY,金融街社区卫生服务中心
o5ODa0xwbkdTUIgr161ysdB9mrvI,天桥社区卫生服务中心
o5ODa02n63pYdpn1uTNE9cKEPiVc,展览路社区卫生服务中心
o5ODa09xRcs_UxnPTG5ISMcwkPlg,广外社区卫生服务中心
o5ODa06JEk5j638Oe3MQZVzqrUho,儿宝宝互联网社区卫生服务中心
o5ODa01y5mds8WjdPMrFlhn-r7_w,小汤山社区卫生服务中心大东流服务站
o5ODa04k9xsa1xzr12LtItvDjsEQ,双榆树社区卫生服务中心
o5ODa065Wy4KduKaOtUn5ZtCH1qo,天桥社区卫生服务中心
oNCi-07tkRJ3POqcArOKGWiLtLqI,白纸坊社区卫生服务中心
o5ODa07C1kCBN84GeV55A2mjxwLE,陶然亭社区卫生服务中心
o5ODa0_YWbRjeCBLY50Hx3_haSjw,月坛街道三里河二区社区卫生服务站
o5ODa044N_IBq1TxLu5B0HwATlGM,儿宝宝互联网社区卫生服务中心
o5ODa02y0pJTpZxaRlVlRCfDy9Uw,陶然亭社区卫生服务中心
o5ODa0xcQjDV7FfrSDHoXqSQk2gw,展览路社区卫生服务中心
o5ODa05Ovt_7SJSDBq6ZhjbEvZlo,陶然亭社区卫生服务中心
o5ODa00HlLo7gTZcyuwEwKxxI0zE,儿宝宝互联网社区卫生服务中心
o5ODa0_3vaGMauMlIPUA6axCbph8,小汤山社区卫生服务中心
o5ODa0_2-ELla7S0aCYfL5NlmyCg,金融街社区卫生服务中心
o5ODa06i9W6aqBtqmP7NwKICHYaE,金融街社区卫生服务中心
o5ODa01SOpc9HrXnekg9TMxJ9xI0,椿树社区卫生服务中心
o5ODa0y7EOY489MvgmIdSIO_AWv8,展览路社区卫生服务中心
o5ODa029FjZro8WjVqVDvNdWaJUA,广外社区卫生服务中心
o5ODa0_kSMb35ChaaySzrvwqN_Rg,广外社区卫生服务中心
o5ODa0_I52XGadCKjxNE80EghgXA,金融街社区卫生服务中心
o5ODa01hyOqP2kzsodfQQ9OKorcU,广内社区卫生服务中心
o5ODa0yncuEyRqWm_bZQPZ2YbEus,金融街社区卫生服务中心
o5ODa08D1IdrN8yr-yfvZPzjUmLU,金融街社区卫生服务中心
o5ODa06yCAzRbsxV4FQC27cdH3Os,白纸坊社区卫生服务中心
o5ODa09d6tGjAgHLcTCLZDr4R3vU,陶然亭社区卫生服务中心
o5ODa0-qE4rjXJ7HiwlR-_s9k9EM,双榆树社区卫生服务中心
o5ODa0yKAclK6uMRw_sJnVelYR70,双榆树社区卫生服务中心
o5ODa02x4UBt0XuOe0GZU6ihrzrI,小汤山社区卫生服务中心
o5ODa0_z8ig80dz99tNfvTJi2Bhk,金融街社区卫生服务中心
o5ODa03FnRf4r1u7m5ScSshZtA4s,儿宝宝互联网社区卫生服务中心
o5ODa0xLtytNDa2nalkOBIu6p0Vg,双榆树社区卫生服务中心
o5ODa05MMBCCvNNZsWGRmumKD9go,金融街社区卫生服务中心
o5ODa05tgKHuS0gku10LmCoaSU2A,金融街社区卫生服务中心
o5ODa00180hk2q5njVQOWo4WOTGo,广外社区卫生服务中心
o5ODa084QWQ6VJBB5Or9f7QT6nWM,白纸坊社区卫生服务中心
o5ODa035UAaOiog4xHxVdQqy83pc,金融街社区卫生服务中心
o5ODa03wgOz47ovLnOZ9zUdS4z5I,金融街社区卫生服务中心
o5ODa0wwK0g99YXhL8h6MLErkZww,儿宝宝互联网社区卫生服务中心
o5ODa09nT5acE5WvWteFNRIxmcBQ,金融街社区卫生服务中心
o5ODa0-qm_tb0BR44tcM9eCfeJGc,金融街社区卫生服务中心
o5ODa0zIJA39ToYGcEPPcAWqPUbU,广内社区卫生服务中心
o5ODa0ynOgQKQHAg-NqjkF0IRtVM,广外社区卫生服务中心
o5ODa0w3x2W0Cs04xxtA7xctxihs,白纸坊社区卫生服务中心
o5ODa0yh__A6QMUb44UQt907FBlE,陶然亭社区卫生服务中心
o5ODa09nWZQHucPA96D_iGgsJRYo,广外社区卫生服务中心
o5ODa02yyVk-Ey6ZPok3R9btjQRI,双榆树社区卫生服务中心
o5ODa08SMc7YPYsZZm2H7TkfhlJw,白纸坊社区卫生服务中心
o5ODa02OtVENYLoQXhsYwYzXvyLU,白纸坊社区卫生服务中心
o5ODa0wbB5jp_qPDE3FGGwAM0QrA,陶然亭社区卫生服务中心
o5ODa057gFcqXRVBmNvkQEL_lVVI,白纸坊社区卫生服务中心
o5ODa0_A8lfYO1I4IbQ8Wjtpjpks,金融街社区卫生服务中心
oNCi-00lvXVeoWww4U6f4HYCNaGo,白纸坊社区卫生服务中心
o5ODa01M34GTV4S8gVO8wyArhtZg,金融街社区卫生服务中心
oNCi-09zExQtdy0pquzkANbuvHQM,白纸坊社区卫生服务中心
o5ODa08zKtozDWCPW90kULpzQn8g,白纸坊社区卫生服务中心
o5ODa0waRg5JAR3wdChG1-r8gtFk,广外社区卫生服务中心
o5ODa0-xNEGUVqgo4DjD268XbB64,小汤山社区卫生服务中心大东流服务站
o5ODa0z_iTRJoiEyBwcTgLT7uD8s,新街口社区卫生服务中心
o5ODa0_vo6t0nkuFurL8Ghqnt0qc,白纸坊社区卫生服务中心
o5ODa09jiRReLWJA4oSbqvHo7GIY,广外社区卫生服务中心
o5ODa09twsoul0bU1Xm5BeodDgpc,月坛街道三里河二区社区卫生服务站
o5ODa07iPd7SooPxgmNMYHSJPrnA,椿树社区卫生服务中心
o5ODa0-siDKergSCRN_qPK56aufw,椿树社区卫生服务中心
o5ODa08Fl3ea2AzNUlolC2OImZfg,广外社区卫生服务中心
o5ODa0yGOjrAEcZTYerSe8TlhJKA,白纸坊社区卫生服务中心
o5ODa06SphyJ6rkwHDBMaAg7CxKA,新街口社区卫生服务中心
o5ODa0zfh-Ic5nDgI3V7K2LjCXBI,金融街社区卫生服务中心
oNCi-06wQQubhM_I-fFcHnnPLPHQ,白纸坊社区卫生服务中心
,
